<?xml version="1.0" encoding="UTF-8"?>
<!-- Generated by org.testng.reporters.JUnitReportReporter -->
<testsuite skipped="2" hostname="DESKTOP-V834LA5" name="com.anzmortgage.scripts.RepaymentsCalculatorTestscript" tests="9" failures="0" timestamp="21 Aug 2017 16:45:08 GMT" time="52.929" errors="0">
  <testcase name="TC07_CalculateRepayments_Scenario2" time="6.748" classname="com.anzmortgage.scripts.RepaymentsCalculatorTestscript"/>
  <testcase name="TC04_CalculateRepayments_Scenario1" time="16.469" classname="com.anzmortgage.scripts.RepaymentsCalculatorTestscript"/>
  <testcase name="TC05_VerifyMonthlyRepayments_Scenario1" time="0.402" classname="com.anzmortgage.scripts.RepaymentsCalculatorTestscript"/>
  <testcase name="TC06_createScenario" time="0.292" classname="com.anzmortgage.scripts.RepaymentsCalculatorTestscript"/>
  <testcase name="TC08_VerifyFortnightlyRepayments_Scenario2" time="1.747" classname="com.anzmortgage.scripts.RepaymentsCalculatorTestscript"/>
  <testcase name="TC09_VerifyScenarioComparionResult" time="0.097" classname="com.anzmortgage.scripts.RepaymentsCalculatorTestscript"/>
  <testcase name="TC01_VerifyRepaymentsPage" time="27.174" classname="com.anzmortgage.scripts.RepaymentsCalculatorTestscript"/>
  <testcase name="TC02_VerifyEmptyLoanAmountValidation" classname="com.anzmortgage.scripts.RepaymentsCalculatorTestscript">
    <skipped/>
  </testcase> <!-- TC02_VerifyEmptyLoanAmountValidation -->
  <testcase name="TC03_VerifyInvalidLoanAmountValidation" classname="com.anzmortgage.scripts.RepaymentsCalculatorTestscript">
    <skipped/>
  </testcase> <!-- TC03_VerifyInvalidLoanAmountValidation -->
</testsuite> <!-- com.anzmortgage.scripts.RepaymentsCalculatorTestscript -->
