<?xml version="1.0" encoding="UTF-8"?>
<!-- Generated by org.testng.reporters.JUnitReportReporter -->
<testsuite skipped="2" hostname="DESKTOP-V834LA5" name="com.anzmortgage.scripts.BorrowingCalculatorTestscript" tests="7" failures="0" timestamp="21 Aug 2017 16:45:08 GMT" time="92.305" errors="0">
  <testcase name="TC01_VerifyBorrowingPage" time="55.442" classname="com.anzmortgage.scripts.BorrowingCalculatorTestscript"/>
  <testcase name="TC06_BorrowingCalculation2" time="6.394" classname="com.anzmortgage.scripts.BorrowingCalculatorTestscript"/>
  <testcase name="TC05_BorrowingCalculation1" time="6.099" classname="com.anzmortgage.scripts.BorrowingCalculatorTestscript"/>
  <testcase name="TC02_VerifyDisplayofApplicationTypes" time="0.332" classname="com.anzmortgage.scripts.BorrowingCalculatorTestscript"/>
  <testcase name="TC07_TryingRepaymentScenarioFromBorrowingPage" time="24.038" classname="com.anzmortgage.scripts.BorrowingCalculatorTestscript"/>
  <testcase name="TC04_VerifyEmptyAnnualHOuseholdValidation" classname="com.anzmortgage.scripts.BorrowingCalculatorTestscript">
    <skipped/>
  </testcase> <!-- TC04_VerifyEmptyAnnualHOuseholdValidation -->
  <testcase name="TC03_VerifyDefaultApplicationType" classname="com.anzmortgage.scripts.BorrowingCalculatorTestscript">
    <skipped/>
  </testcase> <!-- TC03_VerifyDefaultApplicationType -->
</testsuite> <!-- com.anzmortgage.scripts.BorrowingCalculatorTestscript -->
